<?xml version="1.0" encoding="UTF-8"?>
<testng-results ignored="0" total="2" passed="2" failed="0" skipped="0">
  <reporter-output>
  </reporter-output>
  <suite started-at="2023-02-04T21:21:19 IST" name="Default suite" finished-at="2023-02-04T21:21:38 IST" duration-ms="18115">
    <groups>
    </groups>
    <test started-at="2023-02-04T21:21:19 IST" name="Default test" finished-at="2023-02-04T21:21:38 IST" duration-ms="18115">
      <class name="testPack.TestNGClass">
        <test-method is-config="true" signature="openHomePage()[pri:0, instance:testPack.TestNGClass@2e4b8173]" started-at="2023-02-04T21:21:20 IST" name="openHomePage" finished-at="2023-02-04T21:21:21 IST" duration-ms="1403" status="PASS">
          <reporter-output>
          </reporter-output>
        </test-method> <!-- openHomePage -->
        <test-method is-config="true" signature="homePage()[pri:0, instance:testPack.TestNGClass@2e4b8173]" started-at="2023-02-04T21:21:21 IST" name="homePage" finished-at="2023-02-04T21:21:30 IST" duration-ms="9551" status="PASS">
          <reporter-output>
          </reporter-output>
        </test-method> <!-- homePage -->
        <test-method signature="verifyHomePage()[pri:1, instance:testPack.TestNGClass@2e4b8173]" started-at="2023-02-04T21:21:30 IST" name="verifyHomePage" finished-at="2023-02-04T21:21:31 IST" duration-ms="195" status="PASS">
          <reporter-output>
          </reporter-output>
        </test-method> <!-- verifyHomePage -->
        <test-method is-config="true" signature="afterMethod()[pri:0, instance:testPack.TestNGClass@2e4b8173]" started-at="2023-02-04T21:21:31 IST" name="afterMethod" finished-at="2023-02-04T21:21:31 IST" duration-ms="100" status="PASS">
          <reporter-output>
          </reporter-output>
        </test-method> <!-- afterMethod -->
        <test-method is-config="true" signature="homePage()[pri:0, instance:testPack.TestNGClass@2e4b8173]" started-at="2023-02-04T21:21:31 IST" name="homePage" finished-at="2023-02-04T21:21:37 IST" duration-ms="6467" status="PASS">
          <reporter-output>
          </reporter-output>
        </test-method> <!-- homePage -->
        <test-method signature="verifyAddToCartPage()[pri:2, instance:testPack.TestNGClass@2e4b8173]" started-at="2023-02-04T21:21:37 IST" name="verifyAddToCartPage" finished-at="2023-02-04T21:21:37 IST" duration-ms="123" status="PASS">
          <reporter-output>
          </reporter-output>
        </test-method> <!-- verifyAddToCartPage -->
        <test-method is-config="true" signature="afterMethod()[pri:0, instance:testPack.TestNGClass@2e4b8173]" started-at="2023-02-04T21:21:37 IST" name="afterMethod" finished-at="2023-02-04T21:21:38 IST" duration-ms="145" status="PASS">
          <reporter-output>
          </reporter-output>
        </test-method> <!-- afterMethod -->
        <test-method is-config="true" signature="afterClass()[pri:0, instance:testPack.TestNGClass@2e4b8173]" started-at="2023-02-04T21:21:38 IST" name="afterClass" finished-at="2023-02-04T21:21:38 IST" duration-ms="78" status="PASS">
          <reporter-output>
          </reporter-output>
        </test-method> <!-- afterClass -->
      </class> <!-- testPack.TestNGClass -->
    </test> <!-- Default test -->
  </suite> <!-- Default suite -->
</testng-results>
