<?xml version="1.0" encoding="UTF-8"?>
<!-- Generated by org.testng.reporters.JUnitXMLReporter -->
<testsuite ignored="0" hostname="LAPTOP-JRADBEE7" failures="0" tests="2" name="Test" time="8.636" errors="0" timestamp="2023-01-31T12:42:25 IST">
  <testcase classname="testPack.TestNGClass" name="@BeforeMethod homePage" time="7.072">
    <failure type="java.lang.IndexOutOfBoundsException" message="Index 1 out of bounds for length 1">
      <![CDATA[java.lang.IndexOutOfBoundsException: Index 1 out of bounds for length 1
at java.base/jdk.internal.util.Preconditions.outOfBounds(Preconditions.java:100)
at java.base/jdk.internal.util.Preconditions.outOfBoundsCheckIndex(Preconditions.java:106)
at java.base/jdk.internal.util.Preconditions.checkIndex(Preconditions.java:302)
at java.base/java.util.Objects.checkIndex(Objects.java:359)
at java.base/java.util.ArrayList.get(ArrayList.java:427)
at testPack.TestNGClass.homePage(TestNGClass.java:41)
at java.base/java.util.ArrayList.forEach(ArrayList.java:1511)
... Removed 29 stack frames]]>
    </failure>
  </testcase> <!-- @BeforeMethod homePage -->
  <testcase classname="testPack.TestNGClass" name="@AfterMethod afterMethod" time="-1.67514914568E9">
    <skipped/>
  </testcase> <!-- @AfterMethod afterMethod -->
  <testcase classname="testPack.TestNGClass" name="@BeforeMethod homePage" time="-1.675149145686E9">
    <skipped/>
  </testcase> <!-- @BeforeMethod homePage -->
  <testcase classname="testPack.TestNGClass" name="@AfterMethod afterMethod" time="-1.675149145693E9">
    <skipped/>
  </testcase> <!-- @AfterMethod afterMethod -->
  <testcase classname="testPack.TestNGClass" name="@AfterClass afterClass" time="-1.675149145696E9">
    <skipped/>
  </testcase> <!-- @AfterClass afterClass -->
  <testcase classname="testPack.TestNGClass" name="toverifyHomePage" time="0.0">
    <skipped/>
  </testcase> <!-- toverifyHomePage -->
  <testcase classname="testPack.TestNGClass" name="verifyAddToCartPage" time="0.0">
    <skipped/>
  </testcase> <!-- verifyAddToCartPage -->
</testsuite> <!-- Test -->
